Using pre-set license
Built from '2020.3/staging' branch; Version is '2020.3.9f1 (108be757e447) revision 1084391'; Using compiler version '192528614'; Build Type 'Release'
OS: 'Windows 10 Home Single Language; OS build 19042.985; Version 2009; 64bit' Language: 'en' Physical Memory: 16182 MB
BatchMode: 1, IsHumanControllingUs: 0, StartBugReporterOnCrash: 0, Is64bit: 1, IsPro: 0

 COMMAND LINE ARGUMENTS:
C:\Program Files\Unity\Hub\Editor\2020.3.9f1\Editor\Unity.exe
-adb2
-batchMode
-noUpm
-name
AssetImportWorker0
-projectPath
C:/Users/Shubhan/FPS
-logFile
Logs/AssetImportWorker0.log
-srvPort
60222
Successfully changed project path to: C:/Users/Shubhan/FPS
C:/Users/Shubhan/FPS
Using Asset Import Pipeline V2.
Refreshing native plugins compatible for Editor in 91.65 ms, found 0 plugins.
Preloading 0 native plugins for Editor in 0.00 ms.
Initialize engine version: 2020.3.9f1 (108be757e447)
[Subsystems] Discovering subsystems at path C:/Program Files/Unity/Hub/Editor/2020.3.9f1/Editor/Data/Resources/UnitySubsystems
[Subsystems] Discovering subsystems at path C:/Users/Shubhan/FPS/Assets
GfxDevice: creating device client; threaded=0
Direct3D:
    Version:  Direct3D 11.0 [level 11.1]
    Renderer: NVIDIA GeForce MX250 (ID=0x1d52)
    Vendor:   
    VRAM:     1983 MB
    Driver:   27.21.14.6231
Initialize mono
Mono path[0] = 'C:/Program Files/Unity/Hub/Editor/2020.3.9f1/Editor/Data/Managed'
Mono path[1] = 'C:/Program Files/Unity/Hub/Editor/2020.3.9f1/Editor/Data/MonoBleedingEdge/lib/mono/unityjit'
Mono config path = 'C:/Program Files/Unity/Hub/Editor/2020.3.9f1/Editor/Data/MonoBleedingEdge/etc'
Using monoOptions --debugger-agent=transport=dt_socket,embedding=1,server=y,suspend=n,address=127.0.0.1:56352
Begin MonoManager ReloadAssembly
Registering precompiled unity dll's ...
Register platform support module: C:/Program Files/Unity/Hub/Editor/2020.3.9f1/Editor/Data/PlaybackEngines/WebGLSupport/UnityEditor.WebGL.Extensions.dll
Register platform support module: C:/Program Files/Unity/Hub/Editor/2020.3.9f1/Editor/Data/PlaybackEngines/WindowsStandaloneSupport/UnityEditor.WindowsStandalone.Extensions.dll
Registered in 0.005776 seconds.
Native extension for WindowsStandalone target not found
Native extension for WebGL target not found
Refreshing native plugins compatible for Editor in 40.96 ms, found 0 plugins.
Preloading 0 native plugins for Editor in 0.00 ms.
Mono: successfully reloaded assembly
- Completed reload, in  2.535 seconds
Platform modules already initialized, skipping
Registering precompiled user dll's ...
Registered in 0.001818 seconds.
Begin MonoManager ReloadAssembly
Native extension for WindowsStandalone target not found
Native extension for WebGL target not found
Refreshing native plugins compatible for Editor in 0.28 ms, found 0 plugins.
Preloading 0 native plugins for Editor in 0.00 ms.
Mono: successfully reloaded assembly
- Completed reload, in  2.446 seconds
Platform modules already initialized, skipping
========================================================================
Worker process is ready to serve import requests
Launched and connected shader compiler UnityShaderCompiler.exe after 0.67 seconds
Refreshing native plugins compatible for Editor in 0.45 ms, found 0 plugins.
Preloading 0 native plugins for Editor in 0.00 ms.
Unloading 1119 Unused Serialized files (Serialized files now loaded: 0)
System memory in use before: 69.4 MB.
System memory in use after: 69.5 MB.

Unloading 10 unused Assets to reduce memory usage. Loaded Objects now: 1577.
Total: 4.743800 ms (FindLiveObjects: 0.755200 ms CreateObjectMapping: 0.206500 ms MarkObjects: 3.592700 ms  DeleteObjects: 0.187400 ms)

========================================================================
Received Import Request.
  path: Assets/Scripts/Spawner.cs
  artifactKey: Guid(c427875dc9ebd714cb2cb55f5defd255) Importer(815301076,1909f56bfc062723c751e8b465ee728b)
Start importing Assets/Scripts/Spawner.cs using Guid(c427875dc9ebd714cb2cb55f5defd255) Importer(815301076,1909f56bfc062723c751e8b465ee728b)  -> (artifact id: 'af3b96957d4761b3f954f598ad49e424') in 0.064490 seconds
  Import took 0.067649 seconds .

========================================================================
Received Prepare
Registering precompiled user dll's ...
Registered in 0.001863 seconds.
Begin MonoManager ReloadAssembly
Native extension for WindowsStandalone target not found
Native extension for WebGL target not found
Refreshing native plugins compatible for Editor in 0.42 ms, found 0 plugins.
Preloading 0 native plugins for Editor in 0.00 ms.
Mono: successfully reloaded assembly
- Completed reload, in  1.749 seconds
Platform modules already initialized, skipping
Refreshing native plugins compatible for Editor in 0.34 ms, found 0 plugins.
Preloading 0 native plugins for Editor in 0.00 ms.
Unloading 1114 Unused Serialized files (Serialized files now loaded: 0)
System memory in use before: 69.4 MB.
System memory in use after: 69.4 MB.

Unloading 5 unused Assets to reduce memory usage. Loaded Objects now: 1580.
Total: 3.329300 ms (FindLiveObjects: 0.300900 ms CreateObjectMapping: 0.099300 ms MarkObjects: 2.774200 ms  DeleteObjects: 0.153300 ms)

========================================================================
Received Import Request.
  Time since last request: 339.059605 seconds.
  path: Assets/Scripts/Spawner.cs
  artifactKey: Guid(c427875dc9ebd714cb2cb55f5defd255) Importer(815301076,1909f56bfc062723c751e8b465ee728b)
Start importing Assets/Scripts/Spawner.cs using Guid(c427875dc9ebd714cb2cb55f5defd255) Importer(815301076,1909f56bfc062723c751e8b465ee728b)  -> (artifact id: '596607e516a867db151fca740bafc44d') in 0.008167 seconds
  Import took 0.011732 seconds .

========================================================================
Received Import Request.
  Time since last request: 15.882035 seconds.
  path: Assets/Prefabs
  artifactKey: Guid(9dd55141c3f60994092e51ebbc5ba0b6) Importer(815301076,1909f56bfc062723c751e8b465ee728b)
Start importing Assets/Prefabs using Guid(9dd55141c3f60994092e51ebbc5ba0b6) Importer(815301076,1909f56bfc062723c751e8b465ee728b)  -> (artifact id: '578480433526f6925df4145a75b93fc2') in 0.009101 seconds
  Import took 0.013964 seconds .

========================================================================
Received Import Request.
  Time since last request: 3.857290 seconds.
  path: Assets/Prefabs/Bullet.prefab
  artifactKey: Guid(327e7f9de7071394c8fafbfcdd663194) Importer(815301076,1909f56bfc062723c751e8b465ee728b)
Start importing Assets/Prefabs/Bullet.prefab using Guid(327e7f9de7071394c8fafbfcdd663194) Importer(815301076,1909f56bfc062723c751e8b465ee728b)  -> (artifact id: '3d00f316771ace43a80a2adcdc3697e4') in 0.177095 seconds
  Import took 0.180802 seconds .

========================================================================
Received Import Request.
  Time since last request: 0.033516 seconds.
  path: Assets/Prefabs/Bullet.prefab
  artifactKey: Guid(327e7f9de7071394c8fafbfcdd663194) Importer(815301076,1909f56bfc062723c751e8b465ee728b)
Start importing Assets/Prefabs/Bullet.prefab using Guid(327e7f9de7071394c8fafbfcdd663194) Importer(815301076,1909f56bfc062723c751e8b465ee728b)  -> (artifact id: '3d00f316771ace43a80a2adcdc3697e4') in 0.021624 seconds
  Import took 0.025918 seconds .

========================================================================
Received Prepare
Registering precompiled user dll's ...
Registered in 0.001522 seconds.
Begin MonoManager ReloadAssembly
Native extension for WindowsStandalone target not found
Native extension for WebGL target not found
Refreshing native plugins compatible for Editor in 0.36 ms, found 0 plugins.
Preloading 0 native plugins for Editor in 0.00 ms.
Mono: successfully reloaded assembly
- Completed reload, in  1.643 seconds
Platform modules already initialized, skipping
Refreshing native plugins compatible for Editor in 0.42 ms, found 0 plugins.
Preloading 0 native plugins for Editor in 0.00 ms.
Unloading 1114 Unused Serialized files (Serialized files now loaded: 0)
System memory in use before: 72.5 MB.
System memory in use after: 72.6 MB.

Unloading 5 unused Assets to reduce memory usage. Loaded Objects now: 1591.
Total: 3.068700 ms (FindLiveObjects: 0.202600 ms CreateObjectMapping: 0.058300 ms MarkObjects: 2.685400 ms  DeleteObjects: 0.120600 ms)

========================================================================
Received Prepare
Registering precompiled user dll's ...
Registered in 0.001778 seconds.
Begin MonoManager ReloadAssembly
Native extension for WindowsStandalone target not found
Native extension for WebGL target not found
Refreshing native plugins compatible for Editor in 0.34 ms, found 0 plugins.
Preloading 0 native plugins for Editor in 0.00 ms.
Mono: successfully reloaded assembly
- Completed reload, in  1.763 seconds
Platform modules already initialized, skipping
Refreshing native plugins compatible for Editor in 0.33 ms, found 0 plugins.
Preloading 0 native plugins for Editor in 0.00 ms.
Unloading 1114 Unused Serialized files (Serialized files now loaded: 0)
System memory in use before: 72.5 MB.
System memory in use after: 72.6 MB.

Unloading 5 unused Assets to reduce memory usage. Loaded Objects now: 1594.
Total: 2.992000 ms (FindLiveObjects: 0.195500 ms CreateObjectMapping: 0.057400 ms MarkObjects: 2.598300 ms  DeleteObjects: 0.138900 ms)

========================================================================
Received Prepare
Registering precompiled user dll's ...
Registered in 0.001813 seconds.
Begin MonoManager ReloadAssembly
Native extension for WindowsStandalone target not found
Native extension for WebGL target not found
Refreshing native plugins compatible for Editor in 0.40 ms, found 0 plugins.
Preloading 0 native plugins for Editor in 0.00 ms.
Mono: successfully reloaded assembly
- Completed reload, in  1.781 seconds
Platform modules already initialized, skipping
Refreshing native plugins compatible for Editor in 0.44 ms, found 0 plugins.
Preloading 0 native plugins for Editor in 0.00 ms.
Unloading 1114 Unused Serialized files (Serialized files now loaded: 0)
System memory in use before: 72.5 MB.
System memory in use after: 72.6 MB.

Unloading 5 unused Assets to reduce memory usage. Loaded Objects now: 1597.
Total: 3.327100 ms (FindLiveObjects: 0.226100 ms CreateObjectMapping: 0.059600 ms MarkObjects: 2.919900 ms  DeleteObjects: 0.119600 ms)

========================================================================
Received Prepare
Registering precompiled user dll's ...
Registered in 0.001377 seconds.
Begin MonoManager ReloadAssembly
Native extension for WindowsStandalone target not found
Native extension for WebGL target not found
Refreshing native plugins compatible for Editor in 0.41 ms, found 0 plugins.
Preloading 0 native plugins for Editor in 0.00 ms.
Mono: successfully reloaded assembly
- Completed reload, in  1.674 seconds
Platform modules already initialized, skipping
Refreshing native plugins compatible for Editor in 0.36 ms, found 0 plugins.
Preloading 0 native plugins for Editor in 0.00 ms.
Unloading 1114 Unused Serialized files (Serialized files now loaded: 0)
System memory in use before: 72.5 MB.
System memory in use after: 72.6 MB.

Unloading 5 unused Assets to reduce memory usage. Loaded Objects now: 1600.
Total: 3.295600 ms (FindLiveObjects: 0.259500 ms CreateObjectMapping: 0.075900 ms MarkObjects: 2.833900 ms  DeleteObjects: 0.124300 ms)

========================================================================
Received Prepare
Registering precompiled user dll's ...
Registered in 0.001818 seconds.
Begin MonoManager ReloadAssembly
Native extension for WindowsStandalone target not found
Native extension for WebGL target not found
Refreshing native plugins compatible for Editor in 0.34 ms, found 0 plugins.
Preloading 0 native plugins for Editor in 0.00 ms.
Mono: successfully reloaded assembly
- Completed reload, in  1.642 seconds
Platform modules already initialized, skipping
Refreshing native plugins compatible for Editor in 0.39 ms, found 0 plugins.
Preloading 0 native plugins for Editor in 0.00 ms.
Unloading 1114 Unused Serialized files (Serialized files now loaded: 0)
System memory in use before: 72.5 MB.
System memory in use after: 72.6 MB.

Unloading 5 unused Assets to reduce memory usage. Loaded Objects now: 1603.
Total: 3.387300 ms (FindLiveObjects: 0.221000 ms CreateObjectMapping: 0.057000 ms MarkObjects: 2.989500 ms  DeleteObjects: 0.118100 ms)

========================================================================
Received Prepare
Registering precompiled user dll's ...
Registered in 0.001489 seconds.
Begin MonoManager ReloadAssembly
Native extension for WindowsStandalone target not found
Native extension for WebGL target not found
Refreshing native plugins compatible for Editor in 0.41 ms, found 0 plugins.
Preloading 0 native plugins for Editor in 0.00 ms.
Mono: successfully reloaded assembly
- Completed reload, in  1.758 seconds
Platform modules already initialized, skipping
Refreshing native plugins compatible for Editor in 0.42 ms, found 0 plugins.
Preloading 0 native plugins for Editor in 0.00 ms.
Unloading 1115 Unused Serialized files (Serialized files now loaded: 0)
System memory in use before: 72.5 MB.
System memory in use after: 72.6 MB.

Unloading 5 unused Assets to reduce memory usage. Loaded Objects now: 1607.
Total: 3.368700 ms (FindLiveObjects: 0.257500 ms CreateObjectMapping: 0.065900 ms MarkObjects: 2.887400 ms  DeleteObjects: 0.155700 ms)

========================================================================
Received Prepare
Registering precompiled user dll's ...
Registered in 0.001071 seconds.
Begin MonoManager ReloadAssembly
Native extension for WindowsStandalone target not found
Native extension for WebGL target not found
Refreshing native plugins compatible for Editor in 0.27 ms, found 0 plugins.
Preloading 0 native plugins for Editor in 0.00 ms.
Mono: successfully reloaded assembly
- Completed reload, in  1.340 seconds
Platform modules already initialized, skipping
Refreshing native plugins compatible for Editor in 0.38 ms, found 0 plugins.
Preloading 0 native plugins for Editor in 0.00 ms.
Unloading 1115 Unused Serialized files (Serialized files now loaded: 0)
System memory in use before: 72.6 MB.
System memory in use after: 72.6 MB.

Unloading 5 unused Assets to reduce memory usage. Loaded Objects now: 1610.
Total: 3.422000 ms (FindLiveObjects: 0.231700 ms CreateObjectMapping: 0.060400 ms MarkObjects: 2.958000 ms  DeleteObjects: 0.169300 ms)

========================================================================
Received Import Request.
  Time since last request: 1851.472090 seconds.
  path: Assets/Scripts/MouseLook.cs
  artifactKey: Guid(81cea8f8ca23f7346b76859ba02201e6) Importer(815301076,1909f56bfc062723c751e8b465ee728b)
Start importing Assets/Scripts/MouseLook.cs using Guid(81cea8f8ca23f7346b76859ba02201e6) Importer(815301076,1909f56bfc062723c751e8b465ee728b)  -> (artifact id: '872c736d5f8c4f646d1d9615bf522a43') in 0.013549 seconds
  Import took 0.018030 seconds .

========================================================================
Received Import Request.
  Time since last request: 6.342664 seconds.
  path: Assets/Scripts/GameManager.cs
  artifactKey: Guid(6b1340d8b52d81b49a45bafbe4ba6c89) Importer(815301076,1909f56bfc062723c751e8b465ee728b)
Start importing Assets/Scripts/GameManager.cs using Guid(6b1340d8b52d81b49a45bafbe4ba6c89) Importer(815301076,1909f56bfc062723c751e8b465ee728b)  -> (artifact id: 'e237034febe308f6a7fe9ade8a997c96') in 0.005441 seconds
  Import took 0.008993 seconds .

========================================================================
Received Import Request.
  Time since last request: 0.001031 seconds.
  path: Assets/Scripts/GameManager.cs
  artifactKey: Guid(6b1340d8b52d81b49a45bafbe4ba6c89) Importer(815301076,1909f56bfc062723c751e8b465ee728b)
Start importing Assets/Scripts/GameManager.cs using Guid(6b1340d8b52d81b49a45bafbe4ba6c89) Importer(815301076,1909f56bfc062723c751e8b465ee728b)  -> (artifact id: 'e237034febe308f6a7fe9ade8a997c96') in 0.005104 seconds
  Import took 0.008370 seconds .

========================================================================
Received Prepare
Registering precompiled user dll's ...
Registered in 0.001602 seconds.
Begin MonoManager ReloadAssembly
Native extension for WindowsStandalone target not found
Native extension for WebGL target not found
Refreshing native plugins compatible for Editor in 0.48 ms, found 0 plugins.
Preloading 0 native plugins for Editor in 0.00 ms.
Mono: successfully reloaded assembly
- Completed reload, in  1.517 seconds
Platform modules already initialized, skipping
Refreshing native plugins compatible for Editor in 0.37 ms, found 0 plugins.
Preloading 0 native plugins for Editor in 0.00 ms.
Unloading 1115 Unused Serialized files (Serialized files now loaded: 0)
System memory in use before: 72.6 MB.
System memory in use after: 72.6 MB.

Unloading 5 unused Assets to reduce memory usage. Loaded Objects now: 1613.
Total: 3.363100 ms (FindLiveObjects: 0.293200 ms CreateObjectMapping: 0.061900 ms MarkObjects: 2.821900 ms  DeleteObjects: 0.183900 ms)

========================================================================
Received Import Request.
  Time since last request: 95.396765 seconds.
  path: Assets/Scripts/GameManager.cs
  artifactKey: Guid(6b1340d8b52d81b49a45bafbe4ba6c89) Importer(815301076,1909f56bfc062723c751e8b465ee728b)
Start importing Assets/Scripts/GameManager.cs using Guid(6b1340d8b52d81b49a45bafbe4ba6c89) Importer(815301076,1909f56bfc062723c751e8b465ee728b)  -> (artifact id: '02b56413c4c6e2512853f85e24fde447') in 0.012510 seconds
  Import took 0.016399 seconds .

========================================================================
Received Prepare
Registering precompiled user dll's ...
Registered in 0.001473 seconds.
Begin MonoManager ReloadAssembly
Native extension for WindowsStandalone target not found
Native extension for WebGL target not found
Refreshing native plugins compatible for Editor in 0.41 ms, found 0 plugins.
Preloading 0 native plugins for Editor in 0.00 ms.
Mono: successfully reloaded assembly
- Completed reload, in  1.539 seconds
Platform modules already initialized, skipping
Refreshing native plugins compatible for Editor in 0.61 ms, found 0 plugins.
Preloading 0 native plugins for Editor in 0.00 ms.
Unloading 1115 Unused Serialized files (Serialized files now loaded: 0)
System memory in use before: 72.6 MB.
System memory in use after: 72.6 MB.

Unloading 5 unused Assets to reduce memory usage. Loaded Objects now: 1616.
Total: 4.149000 ms (FindLiveObjects: 0.311800 ms CreateObjectMapping: 0.099800 ms MarkObjects: 3.579300 ms  DeleteObjects: 0.155900 ms)

========================================================================
Received Import Request.
  Time since last request: 23.641443 seconds.
  path: Assets/Scripts/GameManager.cs
  artifactKey: Guid(6b1340d8b52d81b49a45bafbe4ba6c89) Importer(815301076,1909f56bfc062723c751e8b465ee728b)
Start importing Assets/Scripts/GameManager.cs using Guid(6b1340d8b52d81b49a45bafbe4ba6c89) Importer(815301076,1909f56bfc062723c751e8b465ee728b)  -> (artifact id: '2e982746d3ebcff962c5c4803db45fcf') in 0.010859 seconds
  Import took 0.015577 seconds .

========================================================================
Received Import Request.
  Time since last request: 0.756145 seconds.
  path: Assets/Scripts/DragNShoot.cs
  artifactKey: Guid(6324d99d6486b5742b3c782657ac735d) Importer(815301076,1909f56bfc062723c751e8b465ee728b)
Start importing Assets/Scripts/DragNShoot.cs using Guid(6324d99d6486b5742b3c782657ac735d) Importer(815301076,1909f56bfc062723c751e8b465ee728b)  -> (artifact id: '4703b30fc9d0c7b8f661fe338b60189f') in 0.005477 seconds
  Import took 0.008998 seconds .

========================================================================
Received Import Request.
  Time since last request: 0.000864 seconds.
  path: Assets/Scripts/DragNShoot.cs
  artifactKey: Guid(6324d99d6486b5742b3c782657ac735d) Importer(815301076,1909f56bfc062723c751e8b465ee728b)
Start importing Assets/Scripts/DragNShoot.cs using Guid(6324d99d6486b5742b3c782657ac735d) Importer(815301076,1909f56bfc062723c751e8b465ee728b)  -> (artifact id: '4703b30fc9d0c7b8f661fe338b60189f') in 0.004869 seconds
  Import took 0.008102 seconds .

========================================================================
Received Prepare
Registering precompiled user dll's ...
Registered in 0.001580 seconds.
Begin MonoManager ReloadAssembly
Native extension for WindowsStandalone target not found
Native extension for WebGL target not found
Refreshing native plugins compatible for Editor in 0.32 ms, found 0 plugins.
Preloading 0 native plugins for Editor in 0.00 ms.
Mono: successfully reloaded assembly
- Completed reload, in  1.543 seconds
Platform modules already initialized, skipping
Refreshing native plugins compatible for Editor in 0.44 ms, found 0 plugins.
Preloading 0 native plugins for Editor in 0.00 ms.
Unloading 1115 Unused Serialized files (Serialized files now loaded: 0)
System memory in use before: 72.6 MB.
System memory in use after: 72.6 MB.

Unloading 5 unused Assets to reduce memory usage. Loaded Objects now: 1619.
Total: 3.729000 ms (FindLiveObjects: 0.607800 ms CreateObjectMapping: 0.174900 ms MarkObjects: 2.769700 ms  DeleteObjects: 0.174500 ms)

========================================================================
Received Import Request.
  Time since last request: 72.164325 seconds.
  path: Assets/Scripts/DragNShoot.cs
  artifactKey: Guid(6324d99d6486b5742b3c782657ac735d) Importer(815301076,1909f56bfc062723c751e8b465ee728b)
Start importing Assets/Scripts/DragNShoot.cs using Guid(6324d99d6486b5742b3c782657ac735d) Importer(815301076,1909f56bfc062723c751e8b465ee728b)  -> (artifact id: 'e9913d831695a25e5de042f6760a9096') in 0.009255 seconds
  Import took 0.013127 seconds .

========================================================================
Received Import Request.
  Time since last request: 32.120121 seconds.
  path: Assets/Scripts/DragNShoot.cs
  artifactKey: Guid(6324d99d6486b5742b3c782657ac735d) Importer(815301076,1909f56bfc062723c751e8b465ee728b)
Start importing Assets/Scripts/DragNShoot.cs using Guid(6324d99d6486b5742b3c782657ac735d) Importer(815301076,1909f56bfc062723c751e8b465ee728b)  -> (artifact id: '8fedcd9a59534d535fe607aa34c2a93b') in 0.006272 seconds
  Import took 0.013197 seconds .

========================================================================
Received Import Request.
  Time since last request: 13.350021 seconds.
  path: Assets/Scripts/DragNShoot.cs
  artifactKey: Guid(6324d99d6486b5742b3c782657ac735d) Importer(815301076,1909f56bfc062723c751e8b465ee728b)
Start importing Assets/Scripts/DragNShoot.cs using Guid(6324d99d6486b5742b3c782657ac735d) Importer(815301076,1909f56bfc062723c751e8b465ee728b)  -> (artifact id: '509a6f41a0d7780e5e0c266be1ed92c1') in 0.019544 seconds
  Import took 0.030165 seconds .

========================================================================
Received Import Request.
  Time since last request: 38.063112 seconds.
  path: Assets/Scripts/DragNShoot.cs
  artifactKey: Guid(6324d99d6486b5742b3c782657ac735d) Importer(815301076,1909f56bfc062723c751e8b465ee728b)
Start importing Assets/Scripts/DragNShoot.cs using Guid(6324d99d6486b5742b3c782657ac735d) Importer(815301076,1909f56bfc062723c751e8b465ee728b)  -> (artifact id: '0ac63d58f5b2d49de8bbdfcc9683135b') in 0.004149 seconds
  Import took 0.007115 seconds .

========================================================================
Received Import Request.
  Time since last request: 163.003333 seconds.
  path: Assets/Prefabs/Bullet.prefab
  artifactKey: Guid(327e7f9de7071394c8fafbfcdd663194) Importer(815301076,1909f56bfc062723c751e8b465ee728b)
Start importing Assets/Prefabs/Bullet.prefab using Guid(327e7f9de7071394c8fafbfcdd663194) Importer(815301076,1909f56bfc062723c751e8b465ee728b)  -> (artifact id: '220b46e1b6b29dd2e2e1c52cb9e3845e') in 0.201342 seconds
  Import took 0.207037 seconds .

========================================================================
Received Import Request.
  Time since last request: 7.841771 seconds.
  path: Assets/Prefabs/Bullet.prefab
  artifactKey: Guid(327e7f9de7071394c8fafbfcdd663194) Importer(815301076,1909f56bfc062723c751e8b465ee728b)
Start importing Assets/Prefabs/Bullet.prefab using Guid(327e7f9de7071394c8fafbfcdd663194) Importer(815301076,1909f56bfc062723c751e8b465ee728b)  -> (artifact id: '9bfd891bd9373afa3ec1668e83e1527e') in 0.023134 seconds
  Import took 0.027624 seconds .

========================================================================
Received Import Request.
  Time since last request: 59.222883 seconds.
  path: Assets/Prefabs/Bullet.prefab
  artifactKey: Guid(327e7f9de7071394c8fafbfcdd663194) Importer(815301076,1909f56bfc062723c751e8b465ee728b)
Start importing Assets/Prefabs/Bullet.prefab using Guid(327e7f9de7071394c8fafbfcdd663194) Importer(815301076,1909f56bfc062723c751e8b465ee728b)  -> (artifact id: '758b2fbd7b9a83916c7dbb7d6c580163') in 0.037139 seconds
  Import took 0.042610 seconds .

========================================================================
Received Import Request.
  Time since last request: 0.030661 seconds.
  path: Assets/Prefabs/Bullet.prefab
  artifactKey: Guid(327e7f9de7071394c8fafbfcdd663194) Importer(815301076,1909f56bfc062723c751e8b465ee728b)
Start importing Assets/Prefabs/Bullet.prefab using Guid(327e7f9de7071394c8fafbfcdd663194) Importer(815301076,1909f56bfc062723c751e8b465ee728b)  -> (artifact id: '758b2fbd7b9a83916c7dbb7d6c580163') in 0.025779 seconds
  Import took 0.030515 seconds .

========================================================================
Received Import Request.
  Time since last request: 657.539709 seconds.
  path: Assets/Scripts/DragNShoot.cs
  artifactKey: Guid(6324d99d6486b5742b3c782657ac735d) Importer(815301076,1909f56bfc062723c751e8b465ee728b)
Start importing Assets/Scripts/DragNShoot.cs using Guid(6324d99d6486b5742b3c782657ac735d) Importer(815301076,1909f56bfc062723c751e8b465ee728b)  -> (artifact id: 'dffd2e949e8109fd93de46c3835f2c55') in 0.005372 seconds
  Import took 0.009827 seconds .

========================================================================
Received Prepare
Registering precompiled user dll's ...
Registered in 0.001448 seconds.
Begin MonoManager ReloadAssembly
Native extension for WindowsStandalone target not found
Native extension for WebGL target not found
Refreshing native plugins compatible for Editor in 0.52 ms, found 0 plugins.
Preloading 0 native plugins for Editor in 0.00 ms.
Mono: successfully reloaded assembly
- Completed reload, in  1.623 seconds
Platform modules already initialized, skipping
Refreshing native plugins compatible for Editor in 0.37 ms, found 0 plugins.
Preloading 0 native plugins for Editor in 0.00 ms.
Unloading 1114 Unused Serialized files (Serialized files now loaded: 0)
System memory in use before: 72.6 MB.
System memory in use after: 72.6 MB.

Unloading 6 unused Assets to reduce memory usage. Loaded Objects now: 1622.
Total: 3.426200 ms (FindLiveObjects: 0.287800 ms CreateObjectMapping: 0.076100 ms MarkObjects: 2.904700 ms  DeleteObjects: 0.155600 ms)

========================================================================
Received Import Request.
  Time since last request: 83.290989 seconds.
  path: Assets/Prefabs/Bullet.prefab
  artifactKey: Guid(327e7f9de7071394c8fafbfcdd663194) Importer(815301076,1909f56bfc062723c751e8b465ee728b)
Start importing Assets/Prefabs/Bullet.prefab using Guid(327e7f9de7071394c8fafbfcdd663194) Importer(815301076,1909f56bfc062723c751e8b465ee728b)  -> (artifact id: '0e5943d9b9534e16e77829e62d5de9e7') in 0.148132 seconds
  Import took 0.152213 seconds .

========================================================================
Received Prepare
Registering precompiled user dll's ...
Registered in 0.001312 seconds.
Begin MonoManager ReloadAssembly
Native extension for WindowsStandalone target not found
Native extension for WebGL target not found
Refreshing native plugins compatible for Editor in 0.42 ms, found 0 plugins.
Preloading 0 native plugins for Editor in 0.00 ms.
Mono: successfully reloaded assembly
- Completed reload, in  1.387 seconds
Platform modules already initialized, skipping
Refreshing native plugins compatible for Editor in 0.28 ms, found 0 plugins.
Preloading 0 native plugins for Editor in 0.00 ms.
Unloading 1114 Unused Serialized files (Serialized files now loaded: 0)
System memory in use before: 72.6 MB.
System memory in use after: 72.6 MB.

Unloading 5 unused Assets to reduce memory usage. Loaded Objects now: 1626.
Total: 3.104700 ms (FindLiveObjects: 0.266700 ms CreateObjectMapping: 0.075500 ms MarkObjects: 2.641800 ms  DeleteObjects: 0.119200 ms)

========================================================================
Received Prepare
Registering precompiled user dll's ...
Registered in 0.001447 seconds.
Begin MonoManager ReloadAssembly
Native extension for WindowsStandalone target not found
Native extension for WebGL target not found
Refreshing native plugins compatible for Editor in 0.39 ms, found 0 plugins.
Preloading 0 native plugins for Editor in 0.00 ms.
Mono: successfully reloaded assembly
- Completed reload, in  1.474 seconds
Platform modules already initialized, skipping
Refreshing native plugins compatible for Editor in 0.25 ms, found 0 plugins.
Preloading 0 native plugins for Editor in 0.00 ms.
Unloading 1114 Unused Serialized files (Serialized files now loaded: 0)
System memory in use before: 72.6 MB.
System memory in use after: 72.6 MB.

Unloading 5 unused Assets to reduce memory usage. Loaded Objects now: 1629.
Total: 2.252600 ms (FindLiveObjects: 0.180700 ms CreateObjectMapping: 0.042300 ms MarkObjects: 1.939000 ms  DeleteObjects: 0.089100 ms)

========================================================================
Received Prepare
Registering precompiled user dll's ...
Registered in 0.001611 seconds.
Begin MonoManager ReloadAssembly
Native extension for WindowsStandalone target not found
Native extension for WebGL target not found
Refreshing native plugins compatible for Editor in 0.41 ms, found 0 plugins.
Preloading 0 native plugins for Editor in 0.00 ms.
Mono: successfully reloaded assembly
- Completed reload, in  1.820 seconds
Platform modules already initialized, skipping
Refreshing native plugins compatible for Editor in 0.41 ms, found 0 plugins.
Preloading 0 native plugins for Editor in 0.00 ms.
Unloading 1114 Unused Serialized files (Serialized files now loaded: 0)
System memory in use before: 72.6 MB.
System memory in use after: 72.7 MB.

Unloading 5 unused Assets to reduce memory usage. Loaded Objects now: 1632.
Total: 3.265900 ms (FindLiveObjects: 0.277700 ms CreateObjectMapping: 0.074800 ms MarkObjects: 2.758700 ms  DeleteObjects: 0.152700 ms)

========================================================================
Received Prepare
Registering precompiled user dll's ...
Registered in 0.001442 seconds.
Begin MonoManager ReloadAssembly
Native extension for WindowsStandalone target not found
Native extension for WebGL target not found
Refreshing native plugins compatible for Editor in 0.26 ms, found 0 plugins.
Preloading 0 native plugins for Editor in 0.00 ms.
Mono: successfully reloaded assembly
- Completed reload, in  1.699 seconds
Platform modules already initialized, skipping
Refreshing native plugins compatible for Editor in 0.40 ms, found 0 plugins.
Preloading 0 native plugins for Editor in 0.00 ms.
Unloading 1114 Unused Serialized files (Serialized files now loaded: 0)
System memory in use before: 72.6 MB.
System memory in use after: 72.7 MB.

Unloading 5 unused Assets to reduce memory usage. Loaded Objects now: 1635.
Total: 3.116800 ms (FindLiveObjects: 0.298700 ms CreateObjectMapping: 0.129400 ms MarkObjects: 2.567800 ms  DeleteObjects: 0.119100 ms)

========================================================================
Received Prepare
Registering precompiled user dll's ...
Registered in 0.001563 seconds.
Begin MonoManager ReloadAssembly
Native extension for WindowsStandalone target not found
Native extension for WebGL target not found
Refreshing native plugins compatible for Editor in 0.35 ms, found 0 plugins.
Preloading 0 native plugins for Editor in 0.00 ms.
Mono: successfully reloaded assembly
- Completed reload, in  1.598 seconds
Platform modules already initialized, skipping
Refreshing native plugins compatible for Editor in 0.36 ms, found 0 plugins.
Preloading 0 native plugins for Editor in 0.00 ms.
Unloading 1114 Unused Serialized files (Serialized files now loaded: 0)
System memory in use before: 72.6 MB.
System memory in use after: 72.7 MB.

Unloading 5 unused Assets to reduce memory usage. Loaded Objects now: 1638.
Total: 4.683600 ms (FindLiveObjects: 0.333500 ms CreateObjectMapping: 0.106200 ms MarkObjects: 4.070900 ms  DeleteObjects: 0.170600 ms)

========================================================================
Received Prepare
Registering precompiled user dll's ...
Registered in 0.001484 seconds.
Begin MonoManager ReloadAssembly
Native extension for WindowsStandalone target not found
Native extension for WebGL target not found
Refreshing native plugins compatible for Editor in 0.54 ms, found 0 plugins.
Preloading 0 native plugins for Editor in 0.00 ms.
Mono: successfully reloaded assembly
- Completed reload, in  1.679 seconds
Platform modules already initialized, skipping
Refreshing native plugins compatible for Editor in 0.42 ms, found 0 plugins.
Preloading 0 native plugins for Editor in 0.00 ms.
Unloading 1114 Unused Serialized files (Serialized files now loaded: 0)
System memory in use before: 72.6 MB.
System memory in use after: 72.7 MB.

Unloading 5 unused Assets to reduce memory usage. Loaded Objects now: 1641.
Total: 3.269600 ms (FindLiveObjects: 0.245200 ms CreateObjectMapping: 0.065300 ms MarkObjects: 2.804600 ms  DeleteObjects: 0.152600 ms)

========================================================================
Received Prepare
Registering precompiled user dll's ...
Registered in 0.001949 seconds.
Begin MonoManager ReloadAssembly
Native extension for WindowsStandalone target not found
Native extension for WebGL target not found
Refreshing native plugins compatible for Editor in 0.41 ms, found 0 plugins.
Preloading 0 native plugins for Editor in 0.00 ms.
Mono: successfully reloaded assembly
- Completed reload, in  1.708 seconds
Platform modules already initialized, skipping
Refreshing native plugins compatible for Editor in 0.33 ms, found 0 plugins.
Preloading 0 native plugins for Editor in 0.00 ms.
Unloading 1114 Unused Serialized files (Serialized files now loaded: 0)
System memory in use before: 72.6 MB.
System memory in use after: 72.7 MB.

Unloading 5 unused Assets to reduce memory usage. Loaded Objects now: 1644.
Total: 3.208400 ms (FindLiveObjects: 0.218000 ms CreateObjectMapping: 0.063200 ms MarkObjects: 2.781600 ms  DeleteObjects: 0.143500 ms)

========================================================================
Received Prepare
Registering precompiled user dll's ...
Registered in 0.001755 seconds.
Begin MonoManager ReloadAssembly
Native extension for WindowsStandalone target not found
Native extension for WebGL target not found
Refreshing native plugins compatible for Editor in 0.37 ms, found 0 plugins.
Preloading 0 native plugins for Editor in 0.00 ms.
Mono: successfully reloaded assembly
- Completed reload, in  1.584 seconds
Platform modules already initialized, skipping
Refreshing native plugins compatible for Editor in 0.26 ms, found 0 plugins.
Preloading 0 native plugins for Editor in 0.00 ms.
Unloading 1114 Unused Serialized files (Serialized files now loaded: 0)
System memory in use before: 72.6 MB.
System memory in use after: 72.7 MB.

Unloading 5 unused Assets to reduce memory usage. Loaded Objects now: 1647.
Total: 2.555000 ms (FindLiveObjects: 0.194600 ms CreateObjectMapping: 0.044900 ms MarkObjects: 2.182000 ms  DeleteObjects: 0.132000 ms)

========================================================================
Received Prepare
Registering precompiled user dll's ...
Registered in 0.001523 seconds.
Begin MonoManager ReloadAssembly
Native extension for WindowsStandalone target not found
Native extension for WebGL target not found
Refreshing native plugins compatible for Editor in 0.38 ms, found 0 plugins.
Preloading 0 native plugins for Editor in 0.00 ms.
Mono: successfully reloaded assembly
- Completed reload, in  1.552 seconds
Platform modules already initialized, skipping
Refreshing native plugins compatible for Editor in 0.27 ms, found 0 plugins.
Preloading 0 native plugins for Editor in 0.00 ms.
Unloading 1114 Unused Serialized files (Serialized files now loaded: 0)
System memory in use before: 72.6 MB.
System memory in use after: 72.7 MB.

Unloading 5 unused Assets to reduce memory usage. Loaded Objects now: 1650.
Total: 2.246400 ms (FindLiveObjects: 0.187000 ms CreateObjectMapping: 0.044900 ms MarkObjects: 1.924000 ms  DeleteObjects: 0.089300 ms)

========================================================================
Received Prepare
Registering precompiled user dll's ...
Registered in 0.001661 seconds.
Begin MonoManager ReloadAssembly
Native extension for WindowsStandalone target not found
Native extension for WebGL target not found
Refreshing native plugins compatible for Editor in 0.36 ms, found 0 plugins.
Preloading 0 native plugins for Editor in 0.00 ms.
Mono: successfully reloaded assembly
- Completed reload, in  1.667 seconds
Platform modules already initialized, skipping
Refreshing native plugins compatible for Editor in 0.29 ms, found 0 plugins.
Preloading 0 native plugins for Editor in 0.00 ms.
Unloading 1114 Unused Serialized files (Serialized files now loaded: 0)
System memory in use before: 72.6 MB.
System memory in use after: 72.7 MB.

Unloading 5 unused Assets to reduce memory usage. Loaded Objects now: 1653.
Total: 2.467300 ms (FindLiveObjects: 0.230100 ms CreateObjectMapping: 0.052200 ms MarkObjects: 2.074100 ms  DeleteObjects: 0.109200 ms)

========================================================================
Received Prepare
Registering precompiled user dll's ...
Registered in 0.002168 seconds.
Begin MonoManager ReloadAssembly
Native extension for WindowsStandalone target not found
Native extension for WebGL target not found
Refreshing native plugins compatible for Editor in 0.43 ms, found 0 plugins.
Preloading 0 native plugins for Editor in 0.00 ms.
Mono: successfully reloaded assembly
- Completed reload, in  1.763 seconds
Platform modules already initialized, skipping
Refreshing native plugins compatible for Editor in 0.42 ms, found 0 plugins.
Preloading 0 native plugins for Editor in 0.00 ms.
Unloading 1114 Unused Serialized files (Serialized files now loaded: 0)
System memory in use before: 72.6 MB.
System memory in use after: 72.7 MB.

Unloading 5 unused Assets to reduce memory usage. Loaded Objects now: 1656.
Total: 2.496500 ms (FindLiveObjects: 0.188300 ms CreateObjectMapping: 0.051900 ms MarkObjects: 2.131700 ms  DeleteObjects: 0.122900 ms)

========================================================================
Received Prepare
Registering precompiled user dll's ...
Registered in 0.001712 seconds.
Begin MonoManager ReloadAssembly
Native extension for WindowsStandalone target not found
Native extension for WebGL target not found
Refreshing native plugins compatible for Editor in 0.35 ms, found 0 plugins.
Preloading 0 native plugins for Editor in 0.00 ms.
Mono: successfully reloaded assembly
- Completed reload, in  1.656 seconds
Platform modules already initialized, skipping
Refreshing native plugins compatible for Editor in 0.34 ms, found 0 plugins.
Preloading 0 native plugins for Editor in 0.00 ms.
Unloading 1114 Unused Serialized files (Serialized files now loaded: 0)
System memory in use before: 72.6 MB.
System memory in use after: 72.7 MB.

Unloading 5 unused Assets to reduce memory usage. Loaded Objects now: 1659.
Total: 2.499800 ms (FindLiveObjects: 0.214300 ms CreateObjectMapping: 0.048000 ms MarkObjects: 2.135100 ms  DeleteObjects: 0.101000 ms)

========================================================================
Received Prepare
Registering precompiled user dll's ...
Registered in 0.001841 seconds.
Begin MonoManager ReloadAssembly
Native extension for WindowsStandalone target not found
Native extension for WebGL target not found
Refreshing native plugins compatible for Editor in 0.77 ms, found 0 plugins.
Preloading 0 native plugins for Editor in 0.00 ms.
Mono: successfully reloaded assembly
- Completed reload, in  1.736 seconds
Platform modules already initialized, skipping
Refreshing native plugins compatible for Editor in 0.41 ms, found 0 plugins.
Preloading 0 native plugins for Editor in 0.00 ms.
Unloading 1114 Unused Serialized files (Serialized files now loaded: 0)
System memory in use before: 72.6 MB.
System memory in use after: 72.7 MB.

Unloading 5 unused Assets to reduce memory usage. Loaded Objects now: 1662.
Total: 3.383800 ms (FindLiveObjects: 0.282900 ms CreateObjectMapping: 0.061700 ms MarkObjects: 2.914800 ms  DeleteObjects: 0.122400 ms)

========================================================================
Received Import Request.
  Time since last request: 870.405726 seconds.
  path: Assets/Prefabs/Bullet.prefab
  artifactKey: Guid(327e7f9de7071394c8fafbfcdd663194) Importer(815301076,1909f56bfc062723c751e8b465ee728b)
Start importing Assets/Prefabs/Bullet.prefab using Guid(327e7f9de7071394c8fafbfcdd663194) Importer(815301076,1909f56bfc062723c751e8b465ee728b)  -> (artifact id: '3df8cae76b9c2f1d617205b7f77a5170') in 0.176671 seconds
  Import took 0.181094 seconds .

========================================================================
Received Prepare
Registering precompiled user dll's ...
Registered in 0.002575 seconds.
Begin MonoManager ReloadAssembly
Native extension for WindowsStandalone target not found
Native extension for WebGL target not found
Refreshing native plugins compatible for Editor in 0.37 ms, found 0 plugins.
Preloading 0 native plugins for Editor in 0.00 ms.
Mono: successfully reloaded assembly
- Completed reload, in  1.619 seconds
Platform modules already initialized, skipping
Refreshing native plugins compatible for Editor in 0.29 ms, found 0 plugins.
Preloading 0 native plugins for Editor in 0.00 ms.
Unloading 1114 Unused Serialized files (Serialized files now loaded: 0)
System memory in use before: 72.6 MB.
System memory in use after: 72.7 MB.

Unloading 5 unused Assets to reduce memory usage. Loaded Objects now: 1666.
Total: 2.589400 ms (FindLiveObjects: 0.223500 ms CreateObjectMapping: 0.043900 ms MarkObjects: 2.207200 ms  DeleteObjects: 0.113200 ms)

========================================================================
Received Import Request.
  Time since last request: 188.922436 seconds.
  path: Assets/Scripts/DestroyBullet.cs
  artifactKey: Guid(140b5fa0de9bfeb40ade95cc2c7b3ee8) Importer(815301076,1909f56bfc062723c751e8b465ee728b)
Start importing Assets/Scripts/DestroyBullet.cs using Guid(140b5fa0de9bfeb40ade95cc2c7b3ee8) Importer(815301076,1909f56bfc062723c751e8b465ee728b)  -> (artifact id: '2337910335c023b308c8f151a4cc9842') in 0.009510 seconds
  Import took 0.013109 seconds .

========================================================================
Received Import Request.
  Time since last request: 0.043107 seconds.
  path: Assets/Scripts/DestroyBullet.cs
  artifactKey: Guid(140b5fa0de9bfeb40ade95cc2c7b3ee8) Importer(815301076,1909f56bfc062723c751e8b465ee728b)
Start importing Assets/Scripts/DestroyBullet.cs using Guid(140b5fa0de9bfeb40ade95cc2c7b3ee8) Importer(815301076,1909f56bfc062723c751e8b465ee728b)  -> (artifact id: '2337910335c023b308c8f151a4cc9842') in 0.004321 seconds
  Import took 0.007629 seconds .

========================================================================
Received Prepare
Registering precompiled user dll's ...
Registered in 0.001590 seconds.
Begin MonoManager ReloadAssembly
Native extension for WindowsStandalone target not found
Native extension for WebGL target not found
Refreshing native plugins compatible for Editor in 0.42 ms, found 0 plugins.
Preloading 0 native plugins for Editor in 0.00 ms.
Mono: successfully reloaded assembly
- Completed reload, in  1.536 seconds
Platform modules already initialized, skipping
Refreshing native plugins compatible for Editor in 0.38 ms, found 0 plugins.
Preloading 0 native plugins for Editor in 0.00 ms.
Unloading 1115 Unused Serialized files (Serialized files now loaded: 0)
System memory in use before: 72.7 MB.
System memory in use after: 72.7 MB.

Unloading 5 unused Assets to reduce memory usage. Loaded Objects now: 1670.
Total: 3.627900 ms (FindLiveObjects: 0.242000 ms CreateObjectMapping: 0.062800 ms MarkObjects: 3.105800 ms  DeleteObjects: 0.215300 ms)

========================================================================
Received Prepare
Registering precompiled user dll's ...
Registered in 0.001946 seconds.
Begin MonoManager ReloadAssembly
Native extension for WindowsStandalone target not found
Native extension for WebGL target not found
Refreshing native plugins compatible for Editor in 0.57 ms, found 0 plugins.
Preloading 0 native plugins for Editor in 0.00 ms.
Mono: successfully reloaded assembly
- Completed reload, in  1.521 seconds
Platform modules already initialized, skipping
Refreshing native plugins compatible for Editor in 0.38 ms, found 0 plugins.
Preloading 0 native plugins for Editor in 0.00 ms.
Unloading 1115 Unused Serialized files (Serialized files now loaded: 0)
System memory in use before: 72.7 MB.
System memory in use after: 72.7 MB.

Unloading 5 unused Assets to reduce memory usage. Loaded Objects now: 1673.
Total: 3.486200 ms (FindLiveObjects: 0.334500 ms CreateObjectMapping: 0.073600 ms MarkObjects: 2.956700 ms  DeleteObjects: 0.119900 ms)

========================================================================
Received Prepare
Registering precompiled user dll's ...
Registered in 0.001492 seconds.
Begin MonoManager ReloadAssembly
Native extension for WindowsStandalone target not found
Native extension for WebGL target not found
Refreshing native plugins compatible for Editor in 0.40 ms, found 0 plugins.
Preloading 0 native plugins for Editor in 0.00 ms.
Mono: successfully reloaded assembly
- Completed reload, in  1.384 seconds
Platform modules already initialized, skipping
Refreshing native plugins compatible for Editor in 0.40 ms, found 0 plugins.
Preloading 0 native plugins for Editor in 0.00 ms.
Unloading 1115 Unused Serialized files (Serialized files now loaded: 0)
System memory in use before: 72.7 MB.
System memory in use after: 72.8 MB.

Unloading 5 unused Assets to reduce memory usage. Loaded Objects now: 1676.
Total: 2.935600 ms (FindLiveObjects: 0.230200 ms CreateObjectMapping: 0.064100 ms MarkObjects: 2.493000 ms  DeleteObjects: 0.146400 ms)

========================================================================
Received Prepare
Registering precompiled user dll's ...
Registered in 0.001384 seconds.
Begin MonoManager ReloadAssembly
Native extension for WindowsStandalone target not found
Native extension for WebGL target not found
Refreshing native plugins compatible for Editor in 0.37 ms, found 0 plugins.
Preloading 0 native plugins for Editor in 0.00 ms.
Mono: successfully reloaded assembly
- Completed reload, in  1.548 seconds
Platform modules already initialized, skipping
Refreshing native plugins compatible for Editor in 0.28 ms, found 0 plugins.
Preloading 0 native plugins for Editor in 0.00 ms.
Unloading 1115 Unused Serialized files (Serialized files now loaded: 0)
System memory in use before: 72.7 MB.
System memory in use after: 72.8 MB.

Unloading 5 unused Assets to reduce memory usage. Loaded Objects now: 1679.
Total: 2.597500 ms (FindLiveObjects: 0.213000 ms CreateObjectMapping: 0.066400 ms MarkObjects: 2.214400 ms  DeleteObjects: 0.102200 ms)

========================================================================
Received Import Request.
  Time since last request: 166.784886 seconds.
  path: Assets/Scripts/DestroyBullet.cs
  artifactKey: Guid(140b5fa0de9bfeb40ade95cc2c7b3ee8) Importer(815301076,1909f56bfc062723c751e8b465ee728b)
Start importing Assets/Scripts/DestroyBullet.cs using Guid(140b5fa0de9bfeb40ade95cc2c7b3ee8) Importer(815301076,1909f56bfc062723c751e8b465ee728b)  -> (artifact id: '66bced5f6caeedeafeb1de90a970b3e5') in 0.006467 seconds
  Import took 0.009214 seconds .

========================================================================
Received Import Request.
  Time since last request: 0.004740 seconds.
  path: Assets/Scripts/DestroyBullet.cs
  artifactKey: Guid(140b5fa0de9bfeb40ade95cc2c7b3ee8) Importer(815301076,1909f56bfc062723c751e8b465ee728b)
Start importing Assets/Scripts/DestroyBullet.cs using Guid(140b5fa0de9bfeb40ade95cc2c7b3ee8) Importer(815301076,1909f56bfc062723c751e8b465ee728b)  -> (artifact id: '66bced5f6caeedeafeb1de90a970b3e5') in 0.003998 seconds
  Import took 0.006966 seconds .

========================================================================
Received Prepare
Registering precompiled user dll's ...
Registered in 0.001280 seconds.
Begin MonoManager ReloadAssembly
Native extension for WindowsStandalone target not found
Native extension for WebGL target not found
Refreshing native plugins compatible for Editor in 0.26 ms, found 0 plugins.
Preloading 0 native plugins for Editor in 0.00 ms.
Mono: successfully reloaded assembly
- Completed reload, in  1.466 seconds
Platform modules already initialized, skipping
Refreshing native plugins compatible for Editor in 0.29 ms, found 0 plugins.
Preloading 0 native plugins for Editor in 0.00 ms.
Unloading 1114 Unused Serialized files (Serialized files now loaded: 0)
System memory in use before: 72.7 MB.
System memory in use after: 72.7 MB.

Unloading 6 unused Assets to reduce memory usage. Loaded Objects now: 1681.
Total: 2.606500 ms (FindLiveObjects: 0.219400 ms CreateObjectMapping: 0.049700 ms MarkObjects: 2.185900 ms  DeleteObjects: 0.150300 ms)

========================================================================
Received Prepare
Registering precompiled user dll's ...
Registered in 0.001678 seconds.
Begin MonoManager ReloadAssembly
Native extension for WindowsStandalone target not found
Native extension for WebGL target not found
Refreshing native plugins compatible for Editor in 0.36 ms, found 0 plugins.
Preloading 0 native plugins for Editor in 0.00 ms.
Mono: successfully reloaded assembly
- Completed reload, in  1.658 seconds
Platform modules already initialized, skipping
Refreshing native plugins compatible for Editor in 0.35 ms, found 0 plugins.
Preloading 0 native plugins for Editor in 0.00 ms.
Unloading 1114 Unused Serialized files (Serialized files now loaded: 0)
System memory in use before: 72.7 MB.
System memory in use after: 72.7 MB.

Unloading 5 unused Assets to reduce memory usage. Loaded Objects now: 1684.
Total: 3.549600 ms (FindLiveObjects: 0.385900 ms CreateObjectMapping: 0.078300 ms MarkObjects: 2.959000 ms  DeleteObjects: 0.124700 ms)

========================================================================
Received Import Request.
  Time since last request: 7.823205 seconds.
  path: Assets/Prefabs/Bullet.prefab
  artifactKey: Guid(327e7f9de7071394c8fafbfcdd663194) Importer(815301076,1909f56bfc062723c751e8b465ee728b)
Start importing Assets/Prefabs/Bullet.prefab using Guid(327e7f9de7071394c8fafbfcdd663194) Importer(815301076,1909f56bfc062723c751e8b465ee728b)  -> (artifact id: '9c3db6a07c0a22d177443d33003501a6') in 0.127101 seconds
  Import took 0.130747 seconds .

========================================================================
Received Prepare
Registering precompiled user dll's ...
Registered in 0.002213 seconds.
Begin MonoManager ReloadAssembly
Native extension for WindowsStandalone target not found
Native extension for WebGL target not found
Refreshing native plugins compatible for Editor in 0.34 ms, found 0 plugins.
Preloading 0 native plugins for Editor in 0.00 ms.
Mono: successfully reloaded assembly
- Completed reload, in  1.421 seconds
Platform modules already initialized, skipping
Refreshing native plugins compatible for Editor in 0.29 ms, found 0 plugins.
Preloading 0 native plugins for Editor in 0.00 ms.
Unloading 1114 Unused Serialized files (Serialized files now loaded: 0)
System memory in use before: 72.7 MB.
System memory in use after: 72.8 MB.

Unloading 5 unused Assets to reduce memory usage. Loaded Objects now: 1688.
Total: 2.340800 ms (FindLiveObjects: 0.195000 ms CreateObjectMapping: 0.049900 ms MarkObjects: 2.003400 ms  DeleteObjects: 0.091200 ms)

========================================================================
Received Prepare
Registering precompiled user dll's ...
Registered in 0.001848 seconds.
Begin MonoManager ReloadAssembly
Native extension for WindowsStandalone target not found
Native extension for WebGL target not found
Refreshing native plugins compatible for Editor in 0.57 ms, found 0 plugins.
Preloading 0 native plugins for Editor in 0.00 ms.
Mono: successfully reloaded assembly
- Completed reload, in  1.791 seconds
Platform modules already initialized, skipping
Refreshing native plugins compatible for Editor in 0.41 ms, found 0 plugins.
Preloading 0 native plugins for Editor in 0.00 ms.
Unloading 1114 Unused Serialized files (Serialized files now loaded: 0)
System memory in use before: 72.7 MB.
System memory in use after: 72.8 MB.

Unloading 5 unused Assets to reduce memory usage. Loaded Objects now: 1691.
Total: 3.487600 ms (FindLiveObjects: 0.287300 ms CreateObjectMapping: 0.086300 ms MarkObjects: 2.967500 ms  DeleteObjects: 0.144700 ms)

AssetImportWorkerClient::OnTransportError - code=2 error=End of file
